


**************************************************************************************************************************************************************************************
***************** Run: run.py | Framework: PyTorch | Method: rendezvous_l8_cholectcholect45-crossval_k1_batchnorm_lowres | Version: 2 | Data: CholecT50 | Batch: 32 *****************
*** Time: Thu Sep 21 19:33:45 2023 | Start: 0-epoch  0-steps | Init CKPT: None | Save CKPT: ./__checkpoint__/run_2/rendezvous_l8_cholectcholect45-crossval_k1_batchnorm_lowres.pth ***
*********** LR Config: Init: [0.01, 0.01, 0.01] | Peak: [0.1, 0.1, 0.1] | Warmup Epoch: [9, 18, 58] | Rise: 0.1 | Decay 0.99 | train params 17120331 | all params 17120331 ***********
**************************************************************************************************************************************************************************************
Traning | lr: [[0.01], [0.01], [0.01]] | epoch 0 | >> Process cancelled by user at Thu Sep 21 19:34:27 2023, ...



**************************************************************************************************************************************************************************************
***************** Run: run.py | Framework: PyTorch | Method: rendezvous_l8_cholectcholect45-crossval_k1_batchnorm_lowres | Version: 2 | Data: CholecT50 | Batch: 32 *****************
*** Time: Thu Sep 21 19:34:38 2023 | Start: 0-epoch  0-steps | Init CKPT: None | Save CKPT: ./__checkpoint__/run_2/rendezvous_l8_cholectcholect45-crossval_k1_batchnorm_lowres.pth ***
*********** LR Config: Init: [0.01, 0.01, 0.01] | Peak: [0.1, 0.1, 0.1] | Warmup Epoch: [9, 18, 58] | Rise: 0.1 | Decay 0.99 | train params 17120331 | all params 17120331 ***********
**************************************************************************************************************************************************************************************
Traning | lr: [[0.01], [0.01], [0.01]] | epoch 0 | >> Process cancelled by user at Thu Sep 21 19:35:05 2023, ...



**************************************************************************************************************************************************************************************
***************** Run: run.py | Framework: PyTorch | Method: rendezvous_l8_cholectcholect45-crossval_k1_batchnorm_lowres | Version: 2 | Data: CholecT50 | Batch: 32 *****************
*** Time: Thu Sep 21 19:35:15 2023 | Start: 0-epoch  0-steps | Init CKPT: None | Save CKPT: ./__checkpoint__/run_2/rendezvous_l8_cholectcholect45-crossval_k1_batchnorm_lowres.pth ***
*********** LR Config: Init: [0.01, 0.01, 0.01] | Peak: [0.1, 0.1, 0.1] | Warmup Epoch: [9, 18, 58] | Rise: 0.1 | Decay 0.99 | train params 17120331 | all params 17120331 ***********
**************************************************************************************************************************************************************************************
Traning | lr: [[0.01], [0.01], [0.01]] | epoch 0 | >> Process cancelled by user at Thu Sep 21 19:35:31 2023, ...



**************************************************************************************************************************************************************************************
***************** Run: run.py | Framework: PyTorch | Method: rendezvous_l8_cholectcholect45-crossval_k1_batchnorm_lowres | Version: 2 | Data: CholecT50 | Batch: 32 *****************
*** Time: Thu Sep 21 19:35:41 2023 | Start: 0-epoch  0-steps | Init CKPT: None | Save CKPT: ./__checkpoint__/run_2/rendezvous_l8_cholectcholect45-crossval_k1_batchnorm_lowres.pth ***
*********** LR Config: Init: [0.01, 0.01, 0.01] | Peak: [0.1, 0.1, 0.1] | Warmup Epoch: [9, 18, 58] | Rise: 0.1 | Decay 0.99 | train params 17120331 | all params 17120331 ***********
**************************************************************************************************************************************************************************************
Traning | lr: [[0.01], [0.01], [0.01]] | epoch 0 | >> Process cancelled by user at Thu Sep 21 19:36:22 2023, ...



**************************************************************************************************************************************************************************************
***************** Run: run.py | Framework: PyTorch | Method: rendezvous_l8_cholectcholect45-crossval_k1_batchnorm_lowres | Version: 2 | Data: CholecT50 | Batch: 32 *****************
*** Time: Thu Sep 21 19:36:33 2023 | Start: 0-epoch  0-steps | Init CKPT: None | Save CKPT: ./__checkpoint__/run_2/rendezvous_l8_cholectcholect45-crossval_k1_batchnorm_lowres.pth ***
*********** LR Config: Init: [0.01, 0.01, 0.01] | Peak: [0.1, 0.1, 0.1] | Warmup Epoch: [9, 18, 58] | Rise: 0.1 | Decay 0.99 | train params 17120331 | all params 17120331 ***********
**************************************************************************************************************************************************************************************
Traning | lr: [[0.01], [0.01], [0.01]] | epoch 0 | >> Process cancelled by user at Thu Sep 21 19:37:10 2023, ...



**************************************************************************************************************************************************************************************
***************** Run: run.py | Framework: PyTorch | Method: rendezvous_l8_cholectcholect45-crossval_k1_batchnorm_lowres | Version: 2 | Data: CholecT50 | Batch: 32 *****************
*** Time: Thu Sep 21 19:37:21 2023 | Start: 0-epoch  0-steps | Init CKPT: None | Save CKPT: ./__checkpoint__/run_2/rendezvous_l8_cholectcholect45-crossval_k1_batchnorm_lowres.pth ***
*********** LR Config: Init: [0.01, 0.01, 0.01] | Peak: [0.1, 0.1, 0.1] | Warmup Epoch: [9, 18, 58] | Rise: 0.1 | Decay 0.99 | train params 17120331 | all params 17120331 ***********
**************************************************************************************************************************************************************************************
Traning | lr: [[0.01], [0.01], [0.01]] | epoch 0 | >> Process cancelled by user at Thu Sep 21 19:38:50 2023, ...



**************************************************************************************************************************************************************************************
***************** Run: run.py | Framework: PyTorch | Method: rendezvous_l8_cholectcholect45-crossval_k1_batchnorm_lowres | Version: 2 | Data: CholecT50 | Batch: 32 *****************
*** Time: Thu Sep 21 19:39:03 2023 | Start: 0-epoch  0-steps | Init CKPT: None | Save CKPT: ./__checkpoint__/run_2/rendezvous_l8_cholectcholect45-crossval_k1_batchnorm_lowres.pth ***
*********** LR Config: Init: [0.01, 0.01, 0.01] | Peak: [0.1, 0.1, 0.1] | Warmup Epoch: [9, 18, 58] | Rise: 0.1 | Decay 0.99 | train params 17120331 | all params 17120331 ***********
**************************************************************************************************************************************************************************************
Traning | lr: [[0.01], [0.01], [0.01]] | epoch 0 | >> Process cancelled by user at Thu Sep 21 19:39:13 2023, ...



**************************************************************************************************************************************************************************************
***************** Run: run.py | Framework: PyTorch | Method: rendezvous_l8_cholectcholect45-crossval_k1_batchnorm_lowres | Version: 2 | Data: CholecT50 | Batch: 64 *****************
*** Time: Thu Sep 21 19:42:52 2023 | Start: 0-epoch  0-steps | Init CKPT: None | Save CKPT: ./__checkpoint__/run_2/rendezvous_l8_cholectcholect45-crossval_k1_batchnorm_lowres.pth ***
******** LR Config: Init: [0.01, 0.001, 0.0001] | Peak: [0.1, 0.01, 0.001] | Warmup Epoch: [9, 18, 58] | Rise: 0.1 | Decay 0.99 | train params 17120331 | all params 17120331 ********
**************************************************************************************************************************************************************************************
Traning | lr: [[0.01], [0.001], [0.0001]] | epoch 0 | >> Process cancelled by user at Thu Sep 21 19:43:04 2023, ...



**************************************************************************************************************************************************************************************
***************** Run: run.py | Framework: PyTorch | Method: rendezvous_l8_cholectcholect45-crossval_k1_batchnorm_lowres | Version: 2 | Data: CholecT50 | Batch: 64 *****************
*** Time: Thu Sep 21 19:43:20 2023 | Start: 0-epoch  0-steps | Init CKPT: None | Save CKPT: ./__checkpoint__/run_2/rendezvous_l8_cholectcholect45-crossval_k1_batchnorm_lowres.pth ***
******** LR Config: Init: [0.01, 0.001, 0.0001] | Peak: [0.1, 0.01, 0.001] | Warmup Epoch: [9, 18, 58] | Rise: 0.1 | Decay 0.99 | train params 17120331 | all params 17120331 ********
**************************************************************************************************************************************************************************************
Traning | lr: [[0.01], [0.001], [0.0001]] | epoch 0 | >> Process cancelled by user at Thu Sep 21 19:48:34 2023, ...



**************************************************************************************************************************************************************************************
***************** Run: run.py | Framework: PyTorch | Method: rendezvous_l8_cholectcholect45-crossval_k1_batchnorm_lowres | Version: 2 | Data: CholecT50 | Batch: 256 *****************
*** Time: Thu Sep 21 19:48:58 2023 | Start: 0-epoch  0-steps | Init CKPT: None | Save CKPT: ./__checkpoint__/run_2/rendezvous_l8_cholectcholect45-crossval_k1_batchnorm_lowres.pth ***
******** LR Config: Init: [0.01, 0.001, 0.0001] | Peak: [0.1, 0.01, 0.001] | Warmup Epoch: [9, 18, 58] | Rise: 0.1 | Decay 0.99 | train params 17120331 | all params 17120331 ********
**************************************************************************************************************************************************************************************
Traning | lr: [[0.01], [0.001], [0.0001]] | epoch 0 | completed | Losses => i: [0.6765] v: [0.9605] t: [0.9707] ivt: [0.9170] >> eta: 779.22 secs
Evaluating @ epoch:  0
>>> Saving checkpoint for epoch 1 at ./__checkpoint__/run_2/rendezvous_l8_cholectcholect45-crossval_k1_batchnorm_lowres.pth, time Thu Sep 21 20:04:32 2023 
							 video-wise | eta 154.86 secs | mAP => ivt: [0.03299] 
Traning | lr: [[0.02], [0.0015], [0.00011551724137931035]] | epoch 1 | completed | Losses => i: [0.4696] v: [0.7397] t: [0.7005] ivt: [0.7231] >> eta: 467.72 secs
Evaluating @ epoch:  1
>>> Saving checkpoint for epoch 2 at ./__checkpoint__/run_2/rendezvous_l8_cholectcholect45-crossval_k1_batchnorm_lowres.pth, time Thu Sep 21 20:13:12 2023 
							 video-wise | eta 52.39 secs | mAP => ivt: [0.03510] 
Traning | lr: [[0.03], [0.002], [0.00013103448275862068]] | epoch 2 | completed | Losses => i: [0.3776] v: [0.8033] t: [0.8432] ivt: [0.7528] >> eta: 464.86 secs
Evaluating @ epoch:  2
>>> Saving checkpoint for epoch 3 at ./__checkpoint__/run_2/rendezvous_l8_cholectcholect45-crossval_k1_batchnorm_lowres.pth, time Thu Sep 21 20:21:50 2023 
							 video-wise | eta 52.11 secs | mAP => ivt: [0.03770] 
Traning | lr: [[0.039999999999999994], [0.0025], [0.00014655172413793104]] | epoch 3 | completed | Losses => i: [0.2959] v: [0.6731] t: [0.6653] ivt: [0.6294] >> eta: 464.08 secs
Evaluating @ epoch:  3
							 video-wise | eta 51.90 secs | mAP => ivt: [0.03362] 
Traning | lr: [[0.04999999999999999], [0.003], [0.0001620689655172414]] | epoch 4 | completed | Losses => i: [0.2868] v: [0.6542] t: [0.6458] ivt: [0.5514] >> eta: 461.28 secs
Evaluating @ epoch:  4
							 video-wise | eta 51.81 secs | mAP => ivt: [0.03698] 
Traning | lr: [[0.059999999999999984], [0.0035000000000000005], [0.00017758620689655173]] | epoch 5 | completed | Losses => i: [0.2472] v: [0.6323] t: [0.6318] ivt: [0.4796] >> eta: 502.74 secs
Evaluating @ epoch:  5
							 video-wise | eta 52.21 secs | mAP => ivt: [0.03413] 
Traning | lr: [[0.06999999999999998], [0.004], [0.00019310344827586207]] | epoch 6 | completed | Losses => i: [0.1606] v: [0.6162] t: [0.6139] ivt: [0.3876] >> eta: 461.35 secs
Evaluating @ epoch:  6
							 video-wise | eta 52.17 secs | mAP => ivt: [0.03307] 
Traning | lr: [[0.07999999999999997], [0.0045000000000000005], [0.0002086206896551724]] | epoch 7 | completed | Losses => i: [0.3878] v: [0.5918] t: [0.6354] ivt: [0.5487] >> eta: 463.80 secs
Evaluating @ epoch:  7
							 video-wise | eta 52.10 secs | mAP => ivt: [0.03448] 
Traning | lr: [[0.08999999999999997], [0.005000000000000001], [0.00022413793103448273]] | epoch 8 | completed | Losses => i: [0.6859] v: [0.5564] t: [0.5947] ivt: [0.4899] >> eta: 465.16 secs
Evaluating @ epoch:  8
							 video-wise | eta 52.16 secs | mAP => ivt: [0.03425] 
Traning | lr: [[0.09999999999999996], [0.005500000000000001], [0.00023965517241379306]] | epoch 9 | completed | Losses => i: [0.7413] v: [0.5219] t: [0.5759] ivt: [0.4458] >> eta: 460.86 secs
Evaluating @ epoch:  9
							 video-wise | eta 51.72 secs | mAP => ivt: [0.03548] 
All done!
Shutting done...
It is what it is ...
C'est finis! --------------------------------------------------------------------------------------------------------------------------------------------------------------------------------------



************************************************************************************************************************************************************************************************************************************************************************
********************************************************** Run: run.py | Framework: PyTorch | Method: rendezvous_l8_cholectcholect45-crossval_k1_batchnorm_lowres | Version: 2 | Data: CholecT50 | Batch: 256 **********************************************************
*** Time: Fri Sep 22 11:47:30 2023 | Start: 0-epoch  0-steps | Init CKPT: ./__checkpoint__/run_2/rendezvous_l8_cholectcholect45-crossval_k1_batchnorm_lowres.pth | Save CKPT: ./__checkpoint__/run_2/rendezvous_l8_cholectcholect45-crossval_k1_batchnorm_lowres.pth ***
************************************************* LR Config: Init: [0.01, 0.001, 0.0001] | Peak: [0.1, 0.01, 0.001] | Warmup Epoch: [9, 18, 58] | Rise: 0.1 | Decay 0.99 | train params 17120331 | all params 17120331 *************************************************
************************************************************************************************************************************************************************************************************************************************************************
Traning | lr: [[0.01], [0.001], [0.0001]] | epoch 0 | completed | Losses => i: [0.3637] v: [0.7811] t: [0.7945] ivt: [0.7176] >> eta: 930.30 secs
Evaluating @ epoch:  0
>>> Saving checkpoint for epoch 1 at ./__checkpoint__/run_2/rendezvous_l8_cholectcholect45-crossval_k1_batchnorm_lowres.pth, time Fri Sep 22 12:04:08 2023 
							 video-wise | eta 68.50 secs | mAP => ivt: [0.03517] 
Traning | lr: [[0.02], [0.0015], [0.00011551724137931035]] | epoch 1 | completed | Losses => i: [0.2758] v: [0.6977] t: [0.7063] ivt: [0.6523] >> eta: 458.36 secs
Evaluating @ epoch:  1
>>> Saving checkpoint for epoch 2 at ./__checkpoint__/run_2/rendezvous_l8_cholectcholect45-crossval_k1_batchnorm_lowres.pth, time Fri Sep 22 12:12:38 2023 
							 video-wise | eta 51.04 secs | mAP => ivt: [0.03561] 
Traning | lr: [[0.03], [0.002], [0.00013103448275862068]] | epoch 2 | completed | Losses => i: [0.3334] v: [0.6605] t: [0.6663] ivt: [0.5831] >> eta: 457.81 secs
Evaluating @ epoch:  2
							 video-wise | eta 50.41 secs | mAP => ivt: [0.03406] 
Traning | lr: [[0.039999999999999994], [0.0025], [0.00014655172413793104]] | epoch 3 | completed | Losses => i: [0.2787] v: [0.6990] t: [0.7434] ivt: [0.5893] >> eta: 459.21 secs
Evaluating @ epoch:  3
							 video-wise | eta 50.32 secs | mAP => ivt: [0.03431] 
Traning | lr: [[0.04999999999999999], [0.003], [0.0001620689655172414]] | epoch 4 | completed | Losses => i: [0.2118] v: [0.6370] t: [0.6274] ivt: [0.4105] >> eta: 459.52 secs
Evaluating @ epoch:  4
							 video-wise | eta 50.48 secs | mAP => ivt: [0.03427] 
Traning | lr: [[0.059999999999999984], [0.0035000000000000005], [0.00017758620689655173]] | epoch 5 | completed | Losses => i: [0.2228] v: [0.6085] t: [0.6108] ivt: [0.3361] >> eta: 457.62 secs
Evaluating @ epoch:  5
							 video-wise | eta 50.83 secs | mAP => ivt: [0.03530] 
Traning | lr: [[0.06999999999999998], [0.004], [0.00019310344827586207]] | epoch 6 | completed | Losses => i: [0.1590] v: [0.5746] t: [0.5947] ivt: [0.2892] >> eta: 458.82 secs
Evaluating @ epoch:  6
>>> Saving checkpoint for epoch 7 at ./__checkpoint__/run_2/rendezvous_l8_cholectcholect45-crossval_k1_batchnorm_lowres.pth, time Fri Sep 22 12:55:05 2023 
							 video-wise | eta 50.66 secs | mAP => ivt: [0.03681] 
Traning | lr: [[0.07999999999999997], [0.0045000000000000005], [0.0002086206896551724]] | epoch 7 | completed | Losses => i: [0.2554] v: [0.6134] t: [0.6953] ivt: [0.3227] >> eta: 457.89 secs
Evaluating @ epoch:  7
							 video-wise | eta 50.54 secs | mAP => ivt: [0.03366] 
Traning | lr: [[0.08999999999999997], [0.005000000000000001], [0.00022413793103448273]] | epoch 8 | completed | Losses => i: [0.2091] v: [0.5285] t: [0.5561] ivt: [0.1650] >> eta: 458.06 secs
Evaluating @ epoch:  8
>>> Saving checkpoint for epoch 9 at ./__checkpoint__/run_2/rendezvous_l8_cholectcholect45-crossval_k1_batchnorm_lowres.pth, time Fri Sep 22 13:12:02 2023 
							 video-wise | eta 50.52 secs | mAP => ivt: [0.03701] 
Traning | lr: [[0.09999999999999996], [0.005500000000000001], [0.00023965517241379306]] | epoch 9 | completed | Losses => i: [0.1929] v: [0.5078] t: [0.5558] ivt: [0.1713] >> eta: 457.07 secs
Evaluating @ epoch:  9
							 video-wise | eta 50.33 secs | mAP => ivt: [0.03648] 
Traning | lr: [[0.09999999999999999], [0.006000000000000001], [0.0002551724137931034]] | epoch 10 | completed | Losses => i: [0.1300] v: [0.4681] t: [0.5113] ivt: [0.1184] >> eta: 456.91 secs
Evaluating @ epoch:  10
>>> Saving checkpoint for epoch 11 at ./__checkpoint__/run_2/rendezvous_l8_cholectcholect45-crossval_k1_batchnorm_lowres.pth, time Fri Sep 22 13:28:58 2023 
							 video-wise | eta 50.54 secs | mAP => ivt: [0.03955] 
Traning | lr: [[0.09899999999999999], [0.006500000000000001], [0.00027068965517241373]] | epoch 11 | completed | Losses => i: [0.1585] v: [0.4710] t: [0.5493] ivt: [0.1669] >> eta: 455.92 secs
Evaluating @ epoch:  11
							 video-wise | eta 50.53 secs | mAP => ivt: [0.03640] 
Traning | lr: [[0.09800999999999999], [0.007], [0.0002862068965517241]] | epoch 12 | completed | Losses => i: [0.1297] v: [0.4244] t: [0.4586] ivt: [0.1042] >> eta: 454.21 secs
Evaluating @ epoch:  12
>>> Saving checkpoint for epoch 13 at ./__checkpoint__/run_2/rendezvous_l8_cholectcholect45-crossval_k1_batchnorm_lowres.pth, time Fri Sep 22 13:45:50 2023 
							 video-wise | eta 50.96 secs | mAP => ivt: [0.03987] 
Traning | lr: [[0.09702989999999999], [0.0075], [0.00030172413793103445]] | epoch 13 | completed | Losses => i: [0.0955] v: [0.3791] t: [0.4229] ivt: [0.0805] >> eta: 455.27 secs
Evaluating @ epoch:  13
>>> Saving checkpoint for epoch 14 at ./__checkpoint__/run_2/rendezvous_l8_cholectcholect45-crossval_k1_batchnorm_lowres.pth, time Fri Sep 22 13:54:16 2023 
							 video-wise | eta 50.55 secs | mAP => ivt: [0.03988] 
Traning | lr: [[0.096059601], [0.008], [0.00031724137931034475]] | epoch 14 | completed | Losses => i: [0.1108] v: [0.3475] t: [0.3935] ivt: [0.0777] >> eta: 456.57 secs
Evaluating @ epoch:  14
>>> Saving checkpoint for epoch 15 at ./__checkpoint__/run_2/rendezvous_l8_cholectcholect45-crossval_k1_batchnorm_lowres.pth, time Fri Sep 22 14:02:43 2023 
							 video-wise | eta 50.39 secs | mAP => ivt: [0.04341] 
Traning | lr: [[0.09509900499], [0.0085], [0.0003327586206896551]] | epoch 15 | completed | Losses => i: [0.1474] v: [0.3057] t: [0.3602] ivt: [0.0712] >> eta: 456.08 secs
Evaluating @ epoch:  15
>>> Saving checkpoint for epoch 16 at ./__checkpoint__/run_2/rendezvous_l8_cholectcholect45-crossval_k1_batchnorm_lowres.pth, time Fri Sep 22 14:11:10 2023 
							 video-wise | eta 50.67 secs | mAP => ivt: [0.04598] 
Traning | lr: [[0.0941480149401], [0.009000000000000001], [0.0003482758620689654]] | epoch 16 | completed | Losses => i: [0.1467] v: [0.2756] t: [0.3168] ivt: [0.0637] >> eta: 453.87 secs
Evaluating @ epoch:  16
>>> Saving checkpoint for epoch 17 at ./__checkpoint__/run_2/rendezvous_l8_cholectcholect45-crossval_k1_batchnorm_lowres.pth, time Fri Sep 22 14:19:35 2023 
							 video-wise | eta 50.83 secs | mAP => ivt: [0.04962] 
Traning | lr: [[0.093206534790699], [0.009500000000000001], [0.0003637931034482758]] | epoch 17 | completed | Losses => i: [0.1224] v: [0.2332] t: [0.2851] ivt: [0.0620] >> eta: 454.78 secs
Evaluating @ epoch:  17
							 video-wise | eta 50.19 secs | mAP => ivt: [0.04846] 
Traning | lr: [[0.09227446944279201], [0.01], [0.00037931034482758613]] | epoch 18 | completed | Losses => i: [0.1082] v: [0.2210] t: [0.2590] ivt: [0.0608] >> eta: 455.00 secs
Evaluating @ epoch:  18
							 video-wise | eta 50.42 secs | mAP => ivt: [0.04926] 
Traning | lr: [[0.09135172474836409], [0.01], [0.0003948275862068965]] | epoch 19 | completed | Losses => i: [0.1325] v: [0.2079] t: [0.2240] ivt: [0.0543] >> eta: 454.60 secs
Evaluating @ epoch:  19
>>> Saving checkpoint for epoch 20 at ./__checkpoint__/run_2/rendezvous_l8_cholectcholect45-crossval_k1_batchnorm_lowres.pth, time Fri Sep 22 14:44:51 2023 
							 video-wise | eta 50.46 secs | mAP => ivt: [0.05349] 
Traning | lr: [[0.09043820750088044], [0.0099], [0.00041034482758620685]] | epoch 20 | completed | Losses => i: [0.1183] v: [0.1934] t: [0.2177] ivt: [0.0575] >> eta: 454.37 secs
Evaluating @ epoch:  20
							 video-wise | eta 50.66 secs | mAP => ivt: [0.05041] 
Traning | lr: [[0.08953382542587164], [0.009801], [0.0004258620689655172]] | epoch 21 | completed | Losses => i: [0.0698] v: [0.1591] t: [0.1830] ivt: [0.0509] >> eta: 453.45 secs
Evaluating @ epoch:  21
>>> Saving checkpoint for epoch 22 at ./__checkpoint__/run_2/rendezvous_l8_cholectcholect45-crossval_k1_batchnorm_lowres.pth, time Fri Sep 22 15:01:40 2023 
							 video-wise | eta 50.37 secs | mAP => ivt: [0.05426] 
Traning | lr: [[0.08863848717161292], [0.00970299], [0.00044137931034482757]] | epoch 22 | completed | Losses => i: [0.1232] v: [0.1764] t: [0.1765] ivt: [0.0547] >> eta: 454.95 secs
Evaluating @ epoch:  22
							 video-wise | eta 50.43 secs | mAP => ivt: [0.05350] 
Traning | lr: [[0.08775210229989679], [0.0096059601], [0.00045689655172413793]] | epoch 23 | completed | Losses => i: [0.0759] v: [0.1743] t: [0.1750] ivt: [0.0554] >> eta: 453.47 secs
Evaluating @ epoch:  23
>>> Saving checkpoint for epoch 24 at ./__checkpoint__/run_2/rendezvous_l8_cholectcholect45-crossval_k1_batchnorm_lowres.pth, time Fri Sep 22 15:18:30 2023 
							 video-wise | eta 50.50 secs | mAP => ivt: [0.05650] 
Traning | lr: [[0.08687458127689782], [0.009509900499], [0.0004724137931034483]] | epoch 24 | completed | Losses => i: [0.0594] v: [0.1591] t: [0.1632] ivt: [0.0549] >> eta: 454.69 secs
Evaluating @ epoch:  24
>>> Saving checkpoint for epoch 25 at ./__checkpoint__/run_2/rendezvous_l8_cholectcholect45-crossval_k1_batchnorm_lowres.pth, time Fri Sep 22 15:26:56 2023 
							 video-wise | eta 50.63 secs | mAP => ivt: [0.05878] 
Traning | lr: [[0.08600583546412884], [0.00941480149401], [0.0004879310344827586]] | epoch 25 | completed | Losses => i: [0.0775] v: [0.1558] t: [0.1555] ivt: [0.0549] >> eta: 453.44 secs
Evaluating @ epoch:  25
>>> Saving checkpoint for epoch 26 at ./__checkpoint__/run_2/rendezvous_l8_cholectcholect45-crossval_k1_batchnorm_lowres.pth, time Fri Sep 22 15:35:20 2023 
							 video-wise | eta 50.83 secs | mAP => ivt: [0.05952] 
Traning | lr: [[0.08514577710948755], [0.0093206534790699], [0.000503448275862069]] | epoch 26 | completed | Losses => i: [0.0573] v: [0.1338] t: [0.1469] ivt: [0.0459] >> eta: 454.70 secs
Evaluating @ epoch:  26
							 video-wise | eta 50.44 secs | mAP => ivt: [0.05747] 
Traning | lr: [[0.08429431933839267], [0.0092274469442792], [0.0005189655172413793]] | epoch 27 | completed | Losses => i: [0.0870] v: [0.1261] t: [0.1353] ivt: [0.0454] >> eta: 454.56 secs
Evaluating @ epoch:  27
>>> Saving checkpoint for epoch 28 at ./__checkpoint__/run_2/rendezvous_l8_cholectcholect45-crossval_k1_batchnorm_lowres.pth, time Fri Sep 22 15:52:11 2023 
							 video-wise | eta 50.39 secs | mAP => ivt: [0.05980] 
Traning | lr: [[0.08345137614500873], [0.009135172474836408], [0.0005344827586206897]] | epoch 28 | completed | Losses => i: [0.0986] v: [0.1497] t: [0.1392] ivt: [0.0552] >> eta: 454.77 secs
Evaluating @ epoch:  28
>>> Saving checkpoint for epoch 29 at ./__checkpoint__/run_2/rendezvous_l8_cholectcholect45-crossval_k1_batchnorm_lowres.pth, time Fri Sep 22 16:00:37 2023 
							 video-wise | eta 50.93 secs | mAP => ivt: [0.06091] 
Traning | lr: [[0.08261686238355864], [0.009043820750088045], [0.00055]] | epoch 29 | completed | Losses => i: [0.1165] v: [0.1364] t: [0.1353] ivt: [0.0497] >> eta: 454.52 secs
Evaluating @ epoch:  29
>>> Saving checkpoint for epoch 30 at ./__checkpoint__/run_2/rendezvous_l8_cholectcholect45-crossval_k1_batchnorm_lowres.pth, time Fri Sep 22 16:09:02 2023 
							 video-wise | eta 50.74 secs | mAP => ivt: [0.06171] 
Traning | lr: [[0.08179069375972306], [0.008953382542587164], [0.0005655172413793104]] | epoch 30 | completed | Losses => i: [0.0787] v: [0.1213] t: [0.1254] ivt: [0.0470] >> eta: 453.16 secs
Evaluating @ epoch:  30
>>> Saving checkpoint for epoch 31 at ./__checkpoint__/run_2/rendezvous_l8_cholectcholect45-crossval_k1_batchnorm_lowres.pth, time Fri Sep 22 16:17:26 2023 
							 video-wise | eta 50.46 secs | mAP => ivt: [0.06388] 
Traning | lr: [[0.08097278682212583], [0.008863848717161293], [0.0005810344827586206]] | epoch 31 | completed | Losses => i: [0.0529] v: [0.1027] t: [0.1423] ivt: [0.0511] >> eta: 453.21 secs
Evaluating @ epoch:  31
>>> Saving checkpoint for epoch 32 at ./__checkpoint__/run_2/rendezvous_l8_cholectcholect45-crossval_k1_batchnorm_lowres.pth, time Fri Sep 22 16:25:51 2023 
							 video-wise | eta 50.75 secs | mAP => ivt: [0.06549] 
Traning | lr: [[0.08016305895390458], [0.00877521022998968], [0.0005965517241379309]] | epoch 32 | completed | Losses => i: [0.0766] v: [0.1018] t: [0.1200] ivt: [0.0405] >> eta: 455.23 secs
Evaluating @ epoch:  32
>>> Saving checkpoint for epoch 33 at ./__checkpoint__/run_2/rendezvous_l8_cholectcholect45-crossval_k1_batchnorm_lowres.pth, time Fri Sep 22 16:34:17 2023 
							 video-wise | eta 50.66 secs | mAP => ivt: [0.06872] 
Traning | lr: [[0.07936142836436554], [0.008687458127689783], [0.0006120689655172411]] | epoch 33 | completed | Losses => i: [0.0784] v: [0.1088] t: [0.1249] ivt: [0.0480] >> eta: 453.22 secs
Evaluating @ epoch:  33
							 video-wise | eta 50.45 secs | mAP => ivt: [0.06844] 
Traning | lr: [[0.07856781408072187], [0.008600583546412886], [0.0006275862068965515]] | epoch 34 | completed | Losses => i: [0.0760] v: [0.1145] t: [0.1216] ivt: [0.0416] >> eta: 454.20 secs
Evaluating @ epoch:  34
>>> Saving checkpoint for epoch 35 at ./__checkpoint__/run_2/rendezvous_l8_cholectcholect45-crossval_k1_batchnorm_lowres.pth, time Fri Sep 22 16:51:06 2023 
							 video-wise | eta 50.68 secs | mAP => ivt: [0.07072] 
Traning | lr: [[0.07778213593991465], [0.008514577710948757], [0.0006431034482758618]] | epoch 35 | completed | Losses => i: [0.0588] v: [0.1280] t: [0.1408] ivt: [0.0493] >> eta: 454.69 secs
Evaluating @ epoch:  35
							 video-wise | eta 68.12 secs | mAP => ivt: [0.06938] 
Traning | lr: [[0.0770043145805155], [0.00842943193383927], [0.0006586206896551721]] | epoch 36 | completed | Losses => i: [0.0902] v: [0.1074] t: [0.1273] ivt: [0.0473] >> eta: 678.26 secs
Evaluating @ epoch:  36
>>> Saving checkpoint for epoch 37 at ./__checkpoint__/run_2/rendezvous_l8_cholectcholect45-crossval_k1_batchnorm_lowres.pth, time Fri Sep 22 17:12:04 2023 
							 video-wise | eta 56.54 secs | mAP => ivt: [0.07075] 
Traning | lr: [[0.07623427143471034], [0.008345137614500876], [0.0006741379310344824]] | epoch 37 | completed | Losses => i: [0.0607] v: [0.1124] t: [0.1040] ivt: [0.0386] >> eta: 454.96 secs
Evaluating @ epoch:  37
							 video-wise | eta 50.38 secs | mAP => ivt: [0.07024] 
Traning | lr: [[0.07547192872036323], [0.008261686238355867], [0.0006896551724137927]] | epoch 38 | completed | Losses => i: [0.0559] v: [0.1343] t: [0.1149] ivt: [0.0451] >> eta: 453.60 secs
Evaluating @ epoch:  38
>>> Saving checkpoint for epoch 39 at ./__checkpoint__/run_2/rendezvous_l8_cholectcholect45-crossval_k1_batchnorm_lowres.pth, time Fri Sep 22 17:28:54 2023 
							 video-wise | eta 50.65 secs | mAP => ivt: [0.07431] 
Traning | lr: [[0.0747172094331596], [0.008179069375972308], [0.0007051724137931031]] | epoch 39 | completed | Losses => i: [0.0614] v: [0.1185] t: [0.1108] ivt: [0.0410] >> eta: 453.73 secs
Evaluating @ epoch:  39
>>> Saving checkpoint for epoch 40 at ./__checkpoint__/run_2/rendezvous_l8_cholectcholect45-crossval_k1_batchnorm_lowres.pth, time Fri Sep 22 17:37:18 2023 
							 video-wise | eta 50.56 secs | mAP => ivt: [0.07450] 
Traning | lr: [[0.073970037338828], [0.008097278682212584], [0.0007206896551724133]] | epoch 40 | completed | Losses => i: [0.0567] v: [0.1169] t: [0.1086] ivt: [0.0424] >> eta: 453.12 secs
Evaluating @ epoch:  40
>>> Saving checkpoint for epoch 41 at ./__checkpoint__/run_2/rendezvous_l8_cholectcholect45-crossval_k1_batchnorm_lowres.pth, time Fri Sep 22 17:45:42 2023 
							 video-wise | eta 50.63 secs | mAP => ivt: [0.07943] 
Traning | lr: [[0.07323033696543972], [0.00801630589539046], [0.0007362068965517236]] | epoch 41 | completed | Losses => i: [0.0711] v: [0.1263] t: [0.1083] ivt: [0.0414] >> eta: 579.63 secs
Evaluating @ epoch:  41
							 video-wise | eta 51.30 secs | mAP => ivt: [0.07673] 
Traning | lr: [[0.07249803359578533], [0.007936142836436554], [0.000751724137931034]] | epoch 42 | completed | Losses => i: [0.0461] v: [0.1102] t: [0.0994] ivt: [0.0417] >> eta: 454.07 secs
Evaluating @ epoch:  42
							 video-wise | eta 67.75 secs | mAP => ivt: [0.07509] 
Traning | lr: [[0.07177305325982747], [0.007856781408072189], [0.0007672413793103443]] | epoch 43 | completed | Losses => i: [0.0391] v: [0.1093] t: [0.1056] ivt: [0.0407] >> eta: 460.26 secs
Evaluating @ epoch:  43
							 video-wise | eta 50.43 secs | mAP => ivt: [0.07658] 
Traning | lr: [[0.0710553227272292], [0.007778213593991467], [0.0007827586206896546]] | epoch 44 | completed | Losses => i: [0.0380] v: [0.0817] t: [0.1246] ivt: [0.0450] >> eta: 453.81 secs
Evaluating @ epoch:  44
							 video-wise | eta 50.34 secs | mAP => ivt: [0.07682] 
Traning | lr: [[0.07034476949995691], [0.007700431458051552], [0.0007982758620689649]] | epoch 45 | completed | Losses => i: [0.0867] v: [0.1232] t: [0.1158] ivt: [0.0451] >> eta: 455.19 secs
Evaluating @ epoch:  45
							 video-wise | eta 50.42 secs | mAP => ivt: [0.07566] 
Traning | lr: [[0.06964132180495734], [0.007623427143471037], [0.0008137931034482753]] | epoch 46 | completed | Losses => i: [0.0506] v: [0.1121] t: [0.1013] ivt: [0.0373] >> eta: 454.40 secs
Evaluating @ epoch:  46
							 video-wise | eta 50.49 secs | mAP => ivt: [0.07804] 
Traning | lr: [[0.06894490858690777], [0.007547192872036326], [0.0008293103448275856]] | epoch 47 | completed | Losses => i: [0.0671] v: [0.1094] t: [0.1099] ivt: [0.0434] >> eta: 457.02 secs
Evaluating @ epoch:  47
>>> Saving checkpoint for epoch 48 at ./__checkpoint__/run_2/rendezvous_l8_cholectcholect45-crossval_k1_batchnorm_lowres.pth, time Fri Sep 22 18:47:10 2023 
							 video-wise | eta 50.56 secs | mAP => ivt: [0.08206] 
Traning | lr: [[0.06825545950103869], [0.007471720943315963], [0.0008448275862068959]] | epoch 48 | completed | Losses => i: [0.0710] v: [0.0941] t: [0.1128] ivt: [0.0377] >> eta: 454.00 secs
Evaluating @ epoch:  48
							 video-wise | eta 50.34 secs | mAP => ivt: [0.07819] 
Traning | lr: [[0.0675729049060283], [0.007397003733882804], [0.0008603448275862062]] | epoch 49 | completed | Losses => i: [0.0422] v: [0.0961] t: [0.0991] ivt: [0.0369] >> eta: 454.75 secs
Evaluating @ epoch:  49
							 video-wise | eta 50.68 secs | mAP => ivt: [0.08200] 
Traning | lr: [[0.06689717585696801], [0.007323033696543976], [0.0008758620689655165]] | epoch 50 | completed | Losses => i: [0.0487] v: [0.0929] t: [0.0875] ivt: [0.0400] >> eta: 452.92 secs
Evaluating @ epoch:  50
>>> Saving checkpoint for epoch 51 at ./__checkpoint__/run_2/rendezvous_l8_cholectcholect45-crossval_k1_batchnorm_lowres.pth, time Fri Sep 22 19:12:24 2023 
							 video-wise | eta 50.63 secs | mAP => ivt: [0.08477] 
Traning | lr: [[0.06622820409839833], [0.007249803359578536], [0.0008913793103448267]] | epoch 51 | completed | Losses => i: [0.0383] v: [0.1062] t: [0.1126] ivt: [0.0395] >> eta: 453.58 secs
Evaluating @ epoch:  51
							 video-wise | eta 50.46 secs | mAP => ivt: [0.08381] 
Traning | lr: [[0.06556592205741435], [0.0071773053259827505], [0.0009068965517241371]] | epoch 52 | completed | Losses => i: [0.0654] v: [0.1057] t: [0.1068] ivt: [0.0332] >> eta: 453.74 secs
Evaluating @ epoch:  52
>>> Saving checkpoint for epoch 53 at ./__checkpoint__/run_2/rendezvous_l8_cholectcholect45-crossval_k1_batchnorm_lowres.pth, time Fri Sep 22 19:29:12 2023 
							 video-wise | eta 50.44 secs | mAP => ivt: [0.08596] 
Traning | lr: [[0.0649102628368402], [0.007105532272722923], [0.0009224137931034475]] | epoch 53 | completed | Losses => i: [0.0639] v: [0.1001] t: [0.1010] ivt: [0.0385] >> eta: 455.80 secs
Evaluating @ epoch:  53
							 video-wise | eta 50.73 secs | mAP => ivt: [0.08207] 
Traning | lr: [[0.06426116020847181], [0.007034476949995694], [0.0009379310344827578]] | epoch 54 | completed | Losses => i: [0.1171] v: [0.1174] t: [0.1099] ivt: [0.0409] >> eta: 454.63 secs
Evaluating @ epoch:  54
							 video-wise | eta 50.55 secs | mAP => ivt: [0.07120] 
Traning | lr: [[0.06361854860638709], [0.006964132180495737], [0.0009534482758620682]] | epoch 55 | completed | Losses => i: [0.1043] v: [0.1453] t: [0.1007] ivt: [0.0392] >> eta: 454.49 secs
Evaluating @ epoch:  55
							 video-wise | eta 50.47 secs | mAP => ivt: [0.07931] 
Traning | lr: [[0.06298236312032322], [0.00689449085869078], [0.0009689655172413784]] | epoch 56 | completed | Losses => i: [0.0447] v: [0.1198] t: [0.0944] ivt: [0.0375] >> eta: 453.51 secs
Evaluating @ epoch:  56
>>> Saving checkpoint for epoch 57 at ./__checkpoint__/run_2/rendezvous_l8_cholectcholect45-crossval_k1_batchnorm_lowres.pth, time Fri Sep 22 20:02:54 2023 
							 video-wise | eta 50.50 secs | mAP => ivt: [0.08675] 
Traning | lr: [[0.06235253948911999], [0.006825545950103872], [0.0009844827586206887]] | epoch 57 | completed | Losses => i: [0.0555] v: [0.0946] t: [0.0975] ivt: [0.0447] >> eta: 453.88 secs
Evaluating @ epoch:  57
							 video-wise | eta 50.41 secs | mAP => ivt: [0.08496] 
Traning | lr: [[0.06172901409422879], [0.0067572904906028335], [0.000999999999999999]] | epoch 58 | completed | Losses => i: [0.0798] v: [0.0928] t: [0.0960] ivt: [0.0341] >> eta: 456.48 secs
Evaluating @ epoch:  58
							 video-wise | eta 50.46 secs | mAP => ivt: [0.08609] 
Traning | lr: [[0.061111723953286505], [0.006689717585696805], [0.001]] | epoch 59 | completed | Losses => i: [0.0662] v: [0.0772] t: [0.0986] ivt: [0.0348] >> eta: 452.52 secs
Evaluating @ epoch:  59
>>> Saving checkpoint for epoch 60 at ./__checkpoint__/run_2/rendezvous_l8_cholectcholect45-crossval_k1_batchnorm_lowres.pth, time Fri Sep 22 20:28:09 2023 
							 video-wise | eta 50.32 secs | mAP => ivt: [0.09265] 
Traning | lr: [[0.06050060671375364], [0.006622820409839836], [0.00099]] | epoch 60 | completed | Losses => i: [0.0591] v: [0.0818] t: [0.1288] ivt: [0.0410] >> eta: 455.04 secs
Evaluating @ epoch:  60
							 video-wise | eta 50.43 secs | mAP => ivt: [0.09209] 
Traning | lr: [[0.0598956006466161], [0.006556592205741438], [0.0009801]] | epoch 61 | completed | Losses => i: [0.0609] v: [0.0794] t: [0.0845] ivt: [0.0351] >> eta: 454.19 secs
Evaluating @ epoch:  61
>>> Saving checkpoint for epoch 62 at ./__checkpoint__/run_2/rendezvous_l8_cholectcholect45-crossval_k1_batchnorm_lowres.pth, time Fri Sep 22 20:44:59 2023 
							 video-wise | eta 50.35 secs | mAP => ivt: [0.09703] 
Traning | lr: [[0.05929664464014994], [0.006491026283684023], [0.000970299]] | epoch 62 | completed | Losses => i: [0.0740] v: [0.0958] t: [0.1014] ivt: [0.0377] >> eta: 452.64 secs
Evaluating @ epoch:  62
							 video-wise | eta 50.42 secs | mAP => ivt: [0.09356] 
Traning | lr: [[0.05870367819374844], [0.006426116020847182], [0.0009605960099999999]] | epoch 63 | completed | Losses => i: [0.0598] v: [0.0761] t: [0.0869] ivt: [0.0321] >> eta: 453.37 secs
Evaluating @ epoch:  63
							 video-wise | eta 50.49 secs | mAP => ivt: [0.09621] 
Traning | lr: [[0.05811664141181096], [0.006361854860638711], [0.0009509900498999999]] | epoch 64 | completed | Losses => i: [0.0589] v: [0.0712] t: [0.1238] ivt: [0.0396] >> eta: 453.78 secs
Evaluating @ epoch:  64
>>> Saving checkpoint for epoch 65 at ./__checkpoint__/run_2/rendezvous_l8_cholectcholect45-crossval_k1_batchnorm_lowres.pth, time Fri Sep 22 21:10:11 2023 
							 video-wise | eta 50.68 secs | mAP => ivt: [0.09762] 
Traning | lr: [[0.05753547499769285], [0.006298236312032323], [0.0009414801494009999]] | epoch 65 | completed | Losses => i: [0.0377] v: [0.0918] t: [0.1058] ivt: [0.0442] >> eta: 453.52 secs
Evaluating @ epoch:  65
							 video-wise | eta 50.17 secs | mAP => ivt: [0.09051] 
Traning | lr: [[0.05696012024771592], [0.006235253948912], [0.0009320653479069899]] | epoch 66 | completed | Losses => i: [0.0489] v: [0.1046] t: [0.1018] ivt: [0.0382] >> eta: 454.43 secs
Evaluating @ epoch:  66
>>> Saving checkpoint for epoch 67 at ./__checkpoint__/run_2/rendezvous_l8_cholectcholect45-crossval_k1_batchnorm_lowres.pth, time Fri Sep 22 21:27:01 2023 
							 video-wise | eta 50.60 secs | mAP => ivt: [0.10091] 
Traning | lr: [[0.05639051904523876], [0.00617290140942288], [0.00092274469442792]] | epoch 67 | completed | Losses => i: [0.1422] v: [0.1238] t: [0.0931] ivt: [0.0369] >> eta: 453.35 secs
Evaluating @ epoch:  67
							 video-wise | eta 50.63 secs | mAP => ivt: [0.09059] 
Traning | lr: [[0.05582661385478637], [0.006111172395328651], [0.0009135172474836408]] | epoch 68 | completed | Losses => i: [0.0378] v: [0.0894] t: [0.1018] ivt: [0.0392] >> eta: 454.89 secs
Evaluating @ epoch:  68
							 video-wise | eta 50.35 secs | mAP => ivt: [0.09759] 
Traning | lr: [[0.05526834771623851], [0.0060500606713753645], [0.0009043820750088043]] | epoch 69 | completed | Losses => i: [0.0806] v: [0.0735] t: [0.0879] ivt: [0.0365] >> eta: 453.19 secs
Evaluating @ epoch:  69
							 video-wise | eta 50.52 secs | mAP => ivt: [0.09511] 
Traning | lr: [[0.054715664239076124], [0.005989560064661611], [0.0008953382542587163]] | epoch 70 | completed | Losses => i: [0.0750] v: [0.1081] t: [0.0858] ivt: [0.0343] >> eta: 453.37 secs
Evaluating @ epoch:  70
>>> Saving checkpoint for epoch 71 at ./__checkpoint__/run_2/rendezvous_l8_cholectcholect45-crossval_k1_batchnorm_lowres.pth, time Fri Sep 22 22:00:39 2023 
							 video-wise | eta 50.61 secs | mAP => ivt: [0.10646] 
Traning | lr: [[0.054168507596685365], [0.005929664464014994], [0.0008863848717161291]] | epoch 71 | completed | Losses => i: [0.0455] v: [0.0981] t: [0.0908] ivt: [0.0380] >> eta: 453.31 secs
Evaluating @ epoch:  71
							 video-wise | eta 50.27 secs | mAP => ivt: [0.10567] 
Traning | lr: [[0.053626822520718515], [0.0058703678193748445], [0.0008775210229989678]] | epoch 72 | completed | Losses => i: [0.0801] v: [0.0611] t: [0.0752] ivt: [0.0357] >> eta: 454.58 secs
Evaluating @ epoch:  72
							 video-wise | eta 50.49 secs | mAP => ivt: [0.09703] 
Traning | lr: [[0.05309055429551133], [0.005811664141181096], [0.0008687458127689781]] | epoch 73 | completed | Losses => i: [0.0542] v: [0.0763] t: [0.0916] ivt: [0.0358] >> eta: 453.10 secs
Evaluating @ epoch:  73
							 video-wise | eta 50.56 secs | mAP => ivt: [0.10191] 
Traning | lr: [[0.05255964875255621], [0.0057535474997692845], [0.0008600583546412883]] | epoch 74 | completed | Losses => i: [0.0382] v: [0.0736] t: [0.0820] ivt: [0.0358] >> eta: 453.86 secs
Evaluating @ epoch:  74
>>> Saving checkpoint for epoch 75 at ./__checkpoint__/run_2/rendezvous_l8_cholectcholect45-crossval_k1_batchnorm_lowres.pth, time Fri Sep 22 22:34:16 2023 
							 video-wise | eta 50.37 secs | mAP => ivt: [0.10808] 
Traning | lr: [[0.05203405226503065], [0.005696012024771591], [0.0008514577710948754]] | epoch 75 | completed | Losses => i: [0.0513] v: [0.0852] t: [0.0923] ivt: [0.0368] >> eta: 453.29 secs
Evaluating @ epoch:  75
							 video-wise | eta 50.60 secs | mAP => ivt: [0.10656] 
Traning | lr: [[0.05151371174238034], [0.005639051904523875], [0.0008429431933839266]] | epoch 76 | completed | Losses => i: [0.0255] v: [0.0705] t: [0.0961] ivt: [0.0378] >> eta: 453.88 secs
Evaluating @ epoch:  76
>>> Saving checkpoint for epoch 77 at ./__checkpoint__/run_2/rendezvous_l8_cholectcholect45-crossval_k1_batchnorm_lowres.pth, time Fri Sep 22 22:51:05 2023 
							 video-wise | eta 50.89 secs | mAP => ivt: [0.10943] 
Traning | lr: [[0.050998574624956536], [0.005582661385478636], [0.0008345137614500873]] | epoch 77 | completed | Losses => i: [0.0696] v: [0.0990] t: [0.0884] ivt: [0.0439] >> eta: 452.13 secs
Evaluating @ epoch:  77
>>> Saving checkpoint for epoch 78 at ./__checkpoint__/run_2/rendezvous_l8_cholectcholect45-crossval_k1_batchnorm_lowres.pth, time Fri Sep 22 22:59:28 2023 
							 video-wise | eta 50.91 secs | mAP => ivt: [0.11039] 
Traning | lr: [[0.05048858887870697], [0.0055268347716238495], [0.0008261686238355864]] | epoch 78 | completed | Losses => i: [0.0382] v: [0.0740] t: [0.1091] ivt: [0.0349] >> eta: 452.84 secs
Evaluating @ epoch:  78
							 video-wise | eta 50.38 secs | mAP => ivt: [0.10911] 
Traning | lr: [[0.0499837029899199], [0.005471566423907611], [0.0008179069375972306]] | epoch 79 | completed | Losses => i: [0.0574] v: [0.0819] t: [0.0916] ivt: [0.0347] >> eta: 453.24 secs
Evaluating @ epoch:  79
>>> Saving checkpoint for epoch 80 at ./__checkpoint__/run_2/rendezvous_l8_cholectcholect45-crossval_k1_batchnorm_lowres.pth, time Fri Sep 22 23:16:16 2023 
							 video-wise | eta 50.51 secs | mAP => ivt: [0.11487] 
Traning | lr: [[0.049483865960020704], [0.005416850759668535], [0.0008097278682212583]] | epoch 80 | completed | Losses => i: [0.0441] v: [0.0901] t: [0.0973] ivt: [0.0394] >> eta: 454.32 secs
Evaluating @ epoch:  80
>>> Saving checkpoint for epoch 81 at ./__checkpoint__/run_2/rendezvous_l8_cholectcholect45-crossval_k1_batchnorm_lowres.pth, time Fri Sep 22 23:24:41 2023 
							 video-wise | eta 50.64 secs | mAP => ivt: [0.11506] 
Traning | lr: [[0.0489890273004205], [0.005362682252071849], [0.0008016305895390457]] | epoch 81 | completed | Losses => i: [0.0725] v: [0.1121] t: [0.1204] ivt: [0.0457] >> eta: 453.43 secs
Evaluating @ epoch:  81
							 video-wise | eta 50.56 secs | mAP => ivt: [0.11385] 
Traning | lr: [[0.048499137027416296], [0.005309055429551131], [0.0007936142836436553]] | epoch 82 | completed | Losses => i: [0.0263] v: [0.0563] t: [0.0829] ivt: [0.0368] >> eta: 454.85 secs
Evaluating @ epoch:  82
							 video-wise | eta 50.23 secs | mAP => ivt: [0.11159] 
Traning | lr: [[0.048014145657142134], [0.00525596487525562], [0.0007856781408072188]] | epoch 83 | completed | Losses => i: [0.0520] v: [0.0747] t: [0.0736] ivt: [0.0294] >> eta: 596.72 secs
Evaluating @ epoch:  83
							 video-wise | eta 64.04 secs | mAP => ivt: [0.10611] 
Traning | lr: [[0.04753400420057071], [0.005203405226503063], [0.0007778213593991466]] | epoch 84 | completed | Losses => i: [0.0479] v: [0.0885] t: [0.1136] ivt: [0.0410] >> eta: 453.82 secs
Evaluating @ epoch:  84
							 video-wise | eta 50.34 secs | mAP => ivt: [0.10986] 
Traning | lr: [[0.047058664158565], [0.005151371174238033], [0.000770043145805155]] | epoch 85 | completed | Losses => i: [0.0943] v: [0.0818] t: [0.0849] ivt: [0.0350] >> eta: 456.06 secs
Evaluating @ epoch:  85
							 video-wise | eta 50.53 secs | mAP => ivt: [0.07758] 
Traning | lr: [[0.046588077516979354], [0.005099857462495652], [0.0007623427143471034]] | epoch 86 | completed | Losses => i: [0.0964] v: [0.0701] t: [0.0757] ivt: [0.0315] >> eta: 600.82 secs
Evaluating @ epoch:  86
							 video-wise | eta 50.68 secs | mAP => ivt: [0.11311] 
Traning | lr: [[0.04612219674180956], [0.005048858887870696], [0.0007547192872036325]] | epoch 87 | completed | Losses => i: [0.0714] v: [0.0971] t: [0.0821] ivt: [0.0328] >> eta: 455.25 secs
Evaluating @ epoch:  87
							 video-wise | eta 50.74 secs | mAP => ivt: [0.11222] 
Traning | lr: [[0.04566097477439147], [0.004998370298991989], [0.0007471720943315961]] | epoch 88 | completed | Losses => i: [0.0440] v: [0.0616] t: [0.0604] ivt: [0.0267] >> eta: 451.85 secs
Evaluating @ epoch:  88
>>> Saving checkpoint for epoch 89 at ./__checkpoint__/run_2/rendezvous_l8_cholectcholect45-crossval_k1_batchnorm_lowres.pth, time Sat Sep 23 00:37:04 2023 
							 video-wise | eta 50.90 secs | mAP => ivt: [0.11779] 
Traning | lr: [[0.045204365026647556], [0.00494838659600207], [0.0007397003733882801]] | epoch 89 | completed | Losses => i: [0.0453] v: [0.0861] t: [0.1072] ivt: [0.0375] >> eta: 456.10 secs
Evaluating @ epoch:  89
							 video-wise | eta 50.77 secs | mAP => ivt: [0.11555] 
Traning | lr: [[0.04475232137638108], [0.004898902730042049], [0.0007323033696543973]] | epoch 90 | completed | Losses => i: [0.0729] v: [0.0686] t: [0.0768] ivt: [0.0323] >> eta: 456.27 secs
Evaluating @ epoch:  90
>>> Saving checkpoint for epoch 91 at ./__checkpoint__/run_2/rendezvous_l8_cholectcholect45-crossval_k1_batchnorm_lowres.pth, time Sat Sep 23 00:53:58 2023 
							 video-wise | eta 50.64 secs | mAP => ivt: [0.11954] 
Traning | lr: [[0.044304798162617266], [0.004849913702741628], [0.0007249803359578533]] | epoch 91 | completed | Losses => i: [0.0310] v: [0.0438] t: [0.0688] ivt: [0.0253] >> eta: 455.31 secs
Evaluating @ epoch:  91
>>> Saving checkpoint for epoch 92 at ./__checkpoint__/run_2/rendezvous_l8_cholectcholect45-crossval_k1_batchnorm_lowres.pth, time Sat Sep 23 01:02:24 2023 
							 video-wise | eta 50.51 secs | mAP => ivt: [0.12473] 
Traning | lr: [[0.043861750180991095], [0.004801414565714212], [0.0007177305325982747]] | epoch 92 | completed | Losses => i: [0.0413] v: [0.0750] t: [0.0775] ivt: [0.0310] >> eta: 453.80 secs
Evaluating @ epoch:  92
							 video-wise | eta 50.34 secs | mAP => ivt: [0.11995] 
Traning | lr: [[0.04342313267918119], [0.0047534004200570695], [0.000710553227272292]] | epoch 93 | completed | Losses => i: [0.0397] v: [0.0813] t: [0.0759] ivt: [0.0357] >> eta: 455.18 secs
Evaluating @ epoch:  93
							 video-wise | eta 50.75 secs | mAP => ivt: [0.11665] 
Traning | lr: [[0.04298890135238938], [0.004705866415856499], [0.000703447694999569]] | epoch 94 | completed | Losses => i: [0.0167] v: [0.0699] t: [0.0760] ivt: [0.0317] >> eta: 452.85 secs
Evaluating @ epoch:  94
							 video-wise | eta 50.45 secs | mAP => ivt: [0.12171] 
Traning | lr: [[0.042559012338865485], [0.004658807751697934], [0.0006964132180495733]] | epoch 95 | completed | Losses => i: [0.0539] v: [0.0832] t: [0.1023] ivt: [0.0397] >> eta: 452.52 secs
Evaluating @ epoch:  95
							 video-wise | eta 50.97 secs | mAP => ivt: [0.12314] 
Traning | lr: [[0.04213342221547683], [0.004612219674180955], [0.0006894490858690775]] | epoch 96 | completed | Losses => i: [0.0852] v: [0.0830] t: [0.0761] ivt: [0.0320] >> eta: 453.92 secs
Evaluating @ epoch:  96
							 video-wise | eta 50.26 secs | mAP => ivt: [0.11740] 
Traning | lr: [[0.04171208799332206], [0.004566097477439145], [0.0006825545950103868]] | epoch 97 | completed | Losses => i: [0.0664] v: [0.0856] t: [0.0727] ivt: [0.0310] >> eta: 453.09 secs
Evaluating @ epoch:  97
							 video-wise | eta 50.73 secs | mAP => ivt: [0.11005] 
Traning | lr: [[0.041294967113388835], [0.004520436502664754], [0.000675729049060283]] | epoch 98 | completed | Losses => i: [0.0311] v: [0.0679] t: [0.0838] ivt: [0.0363] >> eta: 458.33 secs
Evaluating @ epoch:  98
							 video-wise | eta 50.69 secs | mAP => ivt: [0.12043] 
Traning | lr: [[0.04088201744225495], [0.004475232137638106], [0.0006689717585696801]] | epoch 99 | completed | Losses => i: [0.0501] v: [0.0857] t: [0.0823] ivt: [0.0285] >> eta: 455.71 secs
Evaluating @ epoch:  99
							 video-wise | eta 50.62 secs | mAP => ivt: [0.12188] 
Traning | lr: [[0.0404731972678324], [0.004430479816261725], [0.0006622820409839833]] | epoch 100 | completed | Losses => i: [0.0747] v: [0.0877] t: [0.1039] ivt: [0.0343] >> eta: 453.15 secs
Evaluating @ epoch:  100
							 video-wise | eta 50.32 secs | mAP => ivt: [0.12308] 
Traning | lr: [[0.04006846529515407], [0.004386175018099108], [0.0006556592205741434]] | epoch 101 | completed | Losses => i: [0.0374] v: [0.0751] t: [0.0809] ivt: [0.0351] >> eta: 451.65 secs
Evaluating @ epoch:  101
>>> Saving checkpoint for epoch 102 at ./__checkpoint__/run_2/rendezvous_l8_cholectcholect45-crossval_k1_batchnorm_lowres.pth, time Sat Sep 23 02:26:33 2023 
							 video-wise | eta 50.82 secs | mAP => ivt: [0.12553] 
Traning | lr: [[0.039667780642202534], [0.004342313267918117], [0.0006491026283684019]] | epoch 102 | completed | Losses => i: [0.0645] v: [0.0844] t: [0.0888] ivt: [0.0294] >> eta: 454.73 secs
Evaluating @ epoch:  102
>>> Saving checkpoint for epoch 103 at ./__checkpoint__/run_2/rendezvous_l8_cholectcholect45-crossval_k1_batchnorm_lowres.pth, time Sat Sep 23 02:34:58 2023 
							 video-wise | eta 50.34 secs | mAP => ivt: [0.12694] 
Traning | lr: [[0.03927110283578051], [0.004298890135238936], [0.0006426116020847179]] | epoch 103 | completed | Losses => i: [0.0522] v: [0.0575] t: [0.0798] ivt: [0.0287] >> eta: 455.45 secs
Evaluating @ epoch:  103
							 video-wise | eta 50.38 secs | mAP => ivt: [0.12100] 
Traning | lr: [[0.0388783918074227], [0.004255901233886547], [0.0006361854860638707]] | epoch 104 | completed | Losses => i: [0.0785] v: [0.1006] t: [0.0922] ivt: [0.0348] >> eta: 455.02 secs
Evaluating @ epoch:  104
							 video-wise | eta 50.59 secs | mAP => ivt: [0.12452] 
Traning | lr: [[0.03848960788934848], [0.004213342221547681], [0.000629823631203232]] | epoch 105 | completed | Losses => i: [0.0455] v: [0.0490] t: [0.0641] ivt: [0.0252] >> eta: 451.63 secs
Evaluating @ epoch:  105
>>> Saving checkpoint for epoch 106 at ./__checkpoint__/run_2/rendezvous_l8_cholectcholect45-crossval_k1_batchnorm_lowres.pth, time Sat Sep 23 03:00:12 2023 
							 video-wise | eta 50.69 secs | mAP => ivt: [0.12990] 
Traning | lr: [[0.038104711810454994], [0.004171208799332205], [0.0006235253948911997]] | epoch 106 | completed | Losses => i: [0.0716] v: [0.1000] t: [0.0893] ivt: [0.0375] >> eta: 453.30 secs
Evaluating @ epoch:  106
							 video-wise | eta 50.32 secs | mAP => ivt: [0.12293] 
Traning | lr: [[0.037723664692350445], [0.004129496711338883], [0.0006172901409422877]] | epoch 107 | completed | Losses => i: [0.0375] v: [0.0819] t: [0.0867] ivt: [0.0324] >> eta: 455.17 secs
Evaluating @ epoch:  107
							 video-wise | eta 50.45 secs | mAP => ivt: [0.12212] 
Traning | lr: [[0.03734642804542694], [0.004088201744225493], [0.0006111172395328649]] | epoch 108 | completed | Losses => i: [0.0354] v: [0.0506] t: [0.0551] ivt: [0.0254] >> eta: 453.10 secs
Evaluating @ epoch:  108
							 video-wise | eta 50.48 secs | mAP => ivt: [0.12397] 
Traning | lr: [[0.03697296376497267], [0.004047319726783238], [0.0006050060671375363]] | epoch 109 | completed | Losses => i: [0.0313] v: [0.0511] t: [0.0834] ivt: [0.0335] >> eta: 453.26 secs
Evaluating @ epoch:  109
							 video-wise | eta 50.40 secs | mAP => ivt: [0.12483] 
Traning | lr: [[0.03660323412732295], [0.004006846529515406], [0.0005989560064661609]] | epoch 110 | completed | Losses => i: [0.1209] v: [0.0694] t: [0.0872] ivt: [0.0341] >> eta: 453.02 secs
Evaluating @ epoch:  110
							 video-wise | eta 50.43 secs | mAP => ivt: [0.11398] 
Traning | lr: [[0.03623720178604972], [0.003966778064220252], [0.0005929664464014993]] | epoch 111 | completed | Losses => i: [0.0518] v: [0.0815] t: [0.0847] ivt: [0.0324] >> eta: 452.84 secs
Evaluating @ epoch:  111
							 video-wise | eta 50.49 secs | mAP => ivt: [0.12703] 
Traning | lr: [[0.035874829768189224], [0.003927110283578049], [0.0005870367819374844]] | epoch 112 | completed | Losses => i: [0.0471] v: [0.0524] t: [0.0796] ivt: [0.0236] >> eta: 453.95 secs
Evaluating @ epoch:  112
							 video-wise | eta 50.29 secs | mAP => ivt: [0.12502] 
Traning | lr: [[0.03551608147050733], [0.0038878391807422685], [0.0005811664141181095]] | epoch 113 | completed | Losses => i: [0.0255] v: [0.0451] t: [0.0731] ivt: [0.0282] >> eta: 452.82 secs
Evaluating @ epoch:  113
							 video-wise | eta 50.84 secs | mAP => ivt: [0.12797] 
Traning | lr: [[0.03516092065580226], [0.0038489607889348456], [0.0005753547499769285]] | epoch 114 | completed | Losses => i: [0.0366] v: [0.0496] t: [0.0595] ivt: [0.0228] >> eta: 453.60 secs
Evaluating @ epoch:  114
							 video-wise | eta 50.54 secs | mAP => ivt: [0.12829] 
Traning | lr: [[0.034809311449244235], [0.0038104711810454973], [0.0005696012024771592]] | epoch 115 | completed | Losses => i: [0.0413] v: [0.0645] t: [0.0947] ivt: [0.0359] >> eta: 453.88 secs
Evaluating @ epoch:  115
							 video-wise | eta 50.32 secs | mAP => ivt: [0.12786] 
Traning | lr: [[0.03446121833475179], [0.0037723664692350424], [0.0005639051904523875]] | epoch 116 | completed | Losses => i: [0.0455] v: [0.0399] t: [0.0606] ivt: [0.0234] >> eta: 454.09 secs
Evaluating @ epoch:  116
							 video-wise | eta 50.34 secs | mAP => ivt: [0.11935] 
Traning | lr: [[0.03411660615140427], [0.003734642804542692], [0.0005582661385478637]] | epoch 117 | completed | Losses => i: [0.0292] v: [0.0710] t: [0.0704] ivt: [0.0288] >> eta: 455.51 secs
Evaluating @ epoch:  117
							 video-wise | eta 50.51 secs | mAP => ivt: [0.12545] 
Traning | lr: [[0.03377544008989023], [0.003697296376497265], [0.000552683477162385]] | epoch 118 | completed | Losses => i: [0.0286] v: [0.0702] t: [0.0634] ivt: [0.0263] >> eta: 453.06 secs
Evaluating @ epoch:  118
>>> Saving checkpoint for epoch 119 at ./__checkpoint__/run_2/rendezvous_l8_cholectcholect45-crossval_k1_batchnorm_lowres.pth, time Sat Sep 23 04:49:29 2023 
							 video-wise | eta 50.65 secs | mAP => ivt: [0.13358] 
Traning | lr: [[0.03343768568899133], [0.0036603234127322924], [0.0005471566423907612]] | epoch 119 | completed | Losses => i: [0.0392] v: [0.0751] t: [0.0779] ivt: [0.0288] >> eta: 453.72 secs
Evaluating @ epoch:  119
							 video-wise | eta 50.56 secs | mAP => ivt: [0.12645] 
Traning | lr: [[0.03310330883210142], [0.0036237201786049693], [0.0005416850759668536]] | epoch 120 | completed | Losses => i: [0.0327] v: [0.0505] t: [0.0694] ivt: [0.0266] >> eta: 455.89 secs
Evaluating @ epoch:  120
>>> Saving checkpoint for epoch 121 at ./__checkpoint__/run_2/rendezvous_l8_cholectcholect45-crossval_k1_batchnorm_lowres.pth, time Sat Sep 23 05:06:21 2023 
							 video-wise | eta 50.72 secs | mAP => ivt: [0.13638] 
Traning | lr: [[0.03277227574378041], [0.0035874829768189195], [0.000536268225207185]] | epoch 121 | completed | Losses => i: [0.0247] v: [0.0754] t: [0.0989] ivt: [0.0299] >> eta: 453.29 secs
Evaluating @ epoch:  121
							 video-wise | eta 50.41 secs | mAP => ivt: [0.13103] 
Traning | lr: [[0.032444552986342606], [0.0035516081470507305], [0.0005309055429551132]] | epoch 122 | completed | Losses => i: [0.0222] v: [0.0813] t: [0.1007] ivt: [0.0352] >> eta: 455.51 secs
Evaluating @ epoch:  122
							 video-wise | eta 50.56 secs | mAP => ivt: [0.13045] 
Traning | lr: [[0.03212010745647918], [0.0035160920655802233], [0.000525596487525562]] | epoch 123 | completed | Losses => i: [0.0316] v: [0.0745] t: [0.0691] ivt: [0.0338] >> eta: 453.66 secs
Evaluating @ epoch:  123
							 video-wise | eta 50.73 secs | mAP => ivt: [0.12537] 
Traning | lr: [[0.03179890638191439], [0.003480931144924421], [0.0005203405226503064]] | epoch 124 | completed | Losses => i: [0.0576] v: [0.0680] t: [0.0782] ivt: [0.0314] >> eta: 453.83 secs
Evaluating @ epoch:  124
							 video-wise | eta 50.24 secs | mAP => ivt: [0.12753] 
Traning | lr: [[0.03148091731809525], [0.003446121833475177], [0.0005151371174238034]] | epoch 125 | completed | Losses => i: [0.0652] v: [0.0814] t: [0.0650] ivt: [0.0292] >> eta: 453.46 secs
Evaluating @ epoch:  125
							 video-wise | eta 51.08 secs | mAP => ivt: [0.13012] 
Traning | lr: [[0.031166108144914297], [0.003411660615140425], [0.0005099857462495653]] | epoch 126 | completed | Losses => i: [0.0448] v: [0.0872] t: [0.0783] ivt: [0.0327] >> eta: 457.34 secs
Evaluating @ epoch:  126
							 video-wise | eta 50.64 secs | mAP => ivt: [0.13076] 
Traning | lr: [[0.030854447063465153], [0.003377544008989021], [0.0005048858887870696]] | epoch 127 | completed | Losses => i: [0.0105] v: [0.0357] t: [0.0478] ivt: [0.0210] >> eta: 455.63 secs
Evaluating @ epoch:  127
							 video-wise | eta 50.36 secs | mAP => ivt: [0.13277] 
Traning | lr: [[0.030545902592830503], [0.003343768568899131], [0.0004998370298991989]] | epoch 128 | completed | Losses => i: [0.0441] v: [0.0407] t: [0.0721] ivt: [0.0262] >> eta: 457.13 secs
Evaluating @ epoch:  128
							 video-wise | eta 50.28 secs | mAP => ivt: [0.13341] 
Traning | lr: [[0.030240443566902198], [0.00331033088321014], [0.000494838659600207]] | epoch 129 | completed | Losses => i: [0.0486] v: [0.0715] t: [0.0778] ivt: [0.0311] >> eta: 451.78 secs
Evaluating @ epoch:  129
							 video-wise | eta 50.40 secs | mAP => ivt: [0.13535] 
Traning | lr: [[0.029938039131233177], [0.0032772275743780384], [0.0004898902730042048]] | epoch 130 | completed | Losses => i: [0.0600] v: [0.0600] t: [0.0651] ivt: [0.0241] >> eta: 454.62 secs
Evaluating @ epoch:  130
							 video-wise | eta 50.42 secs | mAP => ivt: [0.13222] 
Traning | lr: [[0.029638658739920845], [0.0032444552986342578], [0.0004849913702741628]] | epoch 131 | completed | Losses => i: [0.0264] v: [0.0802] t: [0.0603] ivt: [0.0314] >> eta: 453.76 secs
Evaluating @ epoch:  131
							 video-wise | eta 50.64 secs | mAP => ivt: [0.13413] 
Traning | lr: [[0.029342272152521637], [0.0032120107456479153], [0.00048014145657142114]] | epoch 132 | completed | Losses => i: [0.0356] v: [0.0565] t: [0.0642] ivt: [0.0300] >> eta: 454.92 secs
Evaluating @ epoch:  132
							 video-wise | eta 50.35 secs | mAP => ivt: [0.13296] 
Traning | lr: [[0.02904884943099642], [0.003179890638191436], [0.00047534004200570695]] | epoch 133 | completed | Losses => i: [0.0258] v: [0.0456] t: [0.0674] ivt: [0.0265] >> eta: 453.72 secs
Evaluating @ epoch:  133
							 video-wise | eta 50.30 secs | mAP => ivt: [0.13071] 
Traning | lr: [[0.028758360936686458], [0.003148091731809522], [0.0004705866415856499]] | epoch 134 | completed | Losses => i: [0.0403] v: [0.0515] t: [0.0799] ivt: [0.0274] >> eta: 455.63 secs
Evaluating @ epoch:  134
							 video-wise | eta 50.51 secs | mAP => ivt: [0.12932] 
Traning | lr: [[0.028470777327319594], [0.0031166108144914267], [0.0004658807751697934]] | epoch 135 | completed | Losses => i: [0.0181] v: [0.0439] t: [0.0488] ivt: [0.0214] >> eta: 453.50 secs
Evaluating @ epoch:  135
							 video-wise | eta 50.64 secs | mAP => ivt: [0.13287] 
Traning | lr: [[0.028186069554046397], [0.0030854447063465122], [0.00046122196741809544]] | epoch 136 | completed | Losses => i: [0.0262] v: [0.0364] t: [0.0632] ivt: [0.0243] >> eta: 452.39 secs
Evaluating @ epoch:  136
							 video-wise | eta 50.53 secs | mAP => ivt: [0.13487] 
Traning | lr: [[0.027904208858505933], [0.003054590259283047], [0.0004566097477439145]] | epoch 137 | completed | Losses => i: [0.0437] v: [0.0823] t: [0.0873] ivt: [0.0324] >> eta: 453.81 secs
Evaluating @ epoch:  137
							 video-wise | eta 50.67 secs | mAP => ivt: [0.13051] 
Traning | lr: [[0.027625166769920873], [0.0030240443566902165], [0.00045204365026647533]] | epoch 138 | completed | Losses => i: [0.0319] v: [0.0546] t: [0.0640] ivt: [0.0242] >> eta: 457.15 secs
Evaluating @ epoch:  138
							 video-wise | eta 50.72 secs | mAP => ivt: [0.13249] 
Traning | lr: [[0.027348915102221663], [0.002993803913123314], [0.0004475232137638106]] | epoch 139 | completed | Losses => i: [0.0406] v: [0.0699] t: [0.0633] ivt: [0.0266] >> eta: 453.33 secs
Evaluating @ epoch:  139
							 video-wise | eta 50.56 secs | mAP => ivt: [0.13387] 
Traning | lr: [[0.027075425951199446], [0.002963865873992081], [0.0004430479816261725]] | epoch 140 | completed | Losses => i: [0.0219] v: [0.0720] t: [0.0766] ivt: [0.0283] >> eta: 452.93 secs
Evaluating @ epoch:  140
							 video-wise | eta 50.45 secs | mAP => ivt: [0.13507] 
Traning | lr: [[0.026804671691687453], [0.00293422721525216], [0.00043861750180991077]] | epoch 141 | completed | Losses => i: [0.0205] v: [0.0390] t: [0.0734] ivt: [0.0334] >> eta: 455.53 secs
Evaluating @ epoch:  141
							 video-wise | eta 50.38 secs | mAP => ivt: [0.13402] 
Traning | lr: [[0.02653662497477058], [0.0029048849430996383], [0.00043423132679181164]] | epoch 142 | completed | Losses => i: [0.0617] v: [0.0627] t: [0.0696] ivt: [0.0285] >> eta: 452.85 secs
Evaluating @ epoch:  142
							 video-wise | eta 50.67 secs | mAP => ivt: [0.12933] 
Traning | lr: [[0.026271258725022874], [0.002875836093668642], [0.0004298890135238935]] | epoch 143 | completed | Losses => i: [0.0338] v: [0.0679] t: [0.0874] ivt: [0.0307] >> eta: 452.98 secs
Evaluating @ epoch:  143
							 video-wise | eta 50.36 secs | mAP => ivt: [0.13090] 
Traning | lr: [[0.026008546137772644], [0.0028470777327319553], [0.0004255901233886546]] | epoch 144 | completed | Losses => i: [0.0417] v: [0.0677] t: [0.0735] ivt: [0.0266] >> eta: 453.09 secs
Evaluating @ epoch:  144
							 video-wise | eta 50.50 secs | mAP => ivt: [0.12860] 
Traning | lr: [[0.025748460676394917], [0.0028186069554046356], [0.00042133422215476804]] | epoch 145 | completed | Losses => i: [0.0431] v: [0.0468] t: [0.0684] ivt: [0.0252] >> eta: 455.08 secs
Evaluating @ epoch:  145
							 video-wise | eta 50.48 secs | mAP => ivt: [0.12952] 
Traning | lr: [[0.025490976069630966], [0.002790420885850589], [0.00041712087993322035]] | epoch 146 | completed | Losses => i: [0.0274] v: [0.0711] t: [0.0599] ivt: [0.0209] >> eta: 453.33 secs
Evaluating @ epoch:  146
>>> Saving checkpoint for epoch 147 at ./__checkpoint__/run_2/rendezvous_l8_cholectcholect45-crossval_k1_batchnorm_lowres.pth, time Sat Sep 23 08:45:11 2023 
							 video-wise | eta 50.74 secs | mAP => ivt: [0.13657] 
Traning | lr: [[0.025236066308934657], [0.002762516676992083], [0.0004129496711338881]] | epoch 147 | completed | Losses => i: [0.0323] v: [0.0701] t: [0.0715] ivt: [0.0291] >> eta: 452.67 secs
Evaluating @ epoch:  147
							 video-wise | eta 50.57 secs | mAP => ivt: [0.13374] 
Traning | lr: [[0.02498370564584531], [0.0027348915102221624], [0.0004088201744225492]] | epoch 148 | completed | Losses => i: [0.0262] v: [0.0407] t: [0.0693] ivt: [0.0292] >> eta: 454.72 secs
Evaluating @ epoch:  148
							 video-wise | eta 50.29 secs | mAP => ivt: [0.13411] 
Traning | lr: [[0.024733868589386858], [0.0027075425951199406], [0.0004047319726783237]] | epoch 149 | completed | Losses => i: [0.0365] v: [0.0612] t: [0.0664] ivt: [0.0286] >> eta: 454.37 secs
Evaluating @ epoch:  149
							 video-wise | eta 50.50 secs | mAP => ivt: [0.13141] 
Traning | lr: [[0.02448652990349299], [0.0026804671691687413], [0.00040068465295154044]] | epoch 150 | completed | Losses => i: [0.0361] v: [0.0450] t: [0.0493] ivt: [0.0241] >> eta: 453.66 secs
Evaluating @ epoch:  150
							 video-wise | eta 50.60 secs | mAP => ivt: [0.13424] 
Traning | lr: [[0.02424166460445806], [0.0026536624974770537], [0.00039667780642202503]] | epoch 151 | completed | Losses => i: [0.0231] v: [0.0693] t: [0.0724] ivt: [0.0292] >> eta: 456.03 secs
Evaluating @ epoch:  151
							 video-wise | eta 50.63 secs | mAP => ivt: [0.13093] 
Traning | lr: [[0.02399924795841348], [0.002627125872502283], [0.0003927110283578048]] | epoch 152 | completed | Losses => i: [0.0348] v: [0.0750] t: [0.0850] ivt: [0.0316] >> eta: 453.81 secs
Evaluating @ epoch:  152
							 video-wise | eta 50.53 secs | mAP => ivt: [0.13382] 
Traning | lr: [[0.023759255478829344], [0.0026008546137772605], [0.00038878391807422674]] | epoch 153 | completed | Losses => i: [0.0306] v: [0.0543] t: [0.0492] ivt: [0.0248] >> eta: 458.43 secs
Evaluating @ epoch:  153
							 video-wise | eta 50.72 secs | mAP => ivt: [0.13308] 
Traning | lr: [[0.02352166292404105], [0.0025748460676394878], [0.0003848960788934845]] | epoch 154 | completed | Losses => i: [0.0388] v: [0.0457] t: [0.0772] ivt: [0.0243] >> eta: 453.11 secs
Evaluating @ epoch:  154
>>> Saving checkpoint for epoch 155 at ./__checkpoint__/run_2/rendezvous_l8_cholectcholect45-crossval_k1_batchnorm_lowres.pth, time Sat Sep 23 09:52:34 2023 
							 video-wise | eta 50.46 secs | mAP => ivt: [0.13866] 
Traning | lr: [[0.02328644629480064], [0.002549097606963093], [0.00038104711810454966]] | epoch 155 | completed | Losses => i: [0.0467] v: [0.0689] t: [0.0636] ivt: [0.0243] >> eta: 453.04 secs
Evaluating @ epoch:  155
							 video-wise | eta 50.19 secs | mAP => ivt: [0.13678] 
Traning | lr: [[0.023053581831852635], [0.002523606630893462], [0.00037723664692350416]] | epoch 156 | completed | Losses => i: [0.0327] v: [0.0610] t: [0.0677] ivt: [0.0284] >> eta: 454.48 secs
Evaluating @ epoch:  156
							 video-wise | eta 50.40 secs | mAP => ivt: [0.13435] 
Traning | lr: [[0.022823046013534107], [0.0024983705645845273], [0.00037346428045426913]] | epoch 157 | completed | Losses => i: [0.0151] v: [0.0564] t: [0.0561] ivt: [0.0310] >> eta: 453.20 secs
Evaluating @ epoch:  157
							 video-wise | eta 50.33 secs | mAP => ivt: [0.13628] 
Traning | lr: [[0.022594815553398765], [0.002473386858938682], [0.00036972963764972643]] | epoch 158 | completed | Losses => i: [0.0473] v: [0.0743] t: [0.0654] ivt: [0.0335] >> eta: 453.27 secs
Evaluating @ epoch:  158
							 video-wise | eta 50.33 secs | mAP => ivt: [0.13865] 
Traning | lr: [[0.022368867397864776], [0.002448652990349295], [0.00036603234127322915]] | epoch 159 | completed | Losses => i: [0.0330] v: [0.0362] t: [0.0656] ivt: [0.0253] >> eta: 452.54 secs
Evaluating @ epoch:  159
							 video-wise | eta 50.37 secs | mAP => ivt: [0.13864] 
Traning | lr: [[0.02214517872388613], [0.0024241664604458023], [0.00036237201786049685]] | epoch 160 | completed | Losses => i: [0.0224] v: [0.0370] t: [0.0621] ivt: [0.0263] >> eta: 455.16 secs
Evaluating @ epoch:  160
							 video-wise | eta 50.74 secs | mAP => ivt: [0.13571] 
Traning | lr: [[0.021923726936647268], [0.002399924795841344], [0.0003587482976818919]] | epoch 161 | completed | Losses => i: [0.0483] v: [0.0415] t: [0.0546] ivt: [0.0241] >> eta: 456.17 secs
Evaluating @ epoch:  161
							 video-wise | eta 50.49 secs | mAP => ivt: [0.13755] 
Traning | lr: [[0.021704489667280794], [0.0023759255478829305], [0.00035516081470507297]] | epoch 162 | completed | Losses => i: [0.0315] v: [0.0468] t: [0.0515] ivt: [0.0261] >> eta: 458.47 secs
Evaluating @ epoch:  162
>>> Saving checkpoint for epoch 163 at ./__checkpoint__/run_2/rendezvous_l8_cholectcholect45-crossval_k1_batchnorm_lowres.pth, time Sat Sep 23 10:59:56 2023 
							 video-wise | eta 50.78 secs | mAP => ivt: [0.13938] 
Traning | lr: [[0.021487444770607985], [0.002352166292404101], [0.0003516092065580222]] | epoch 163 | completed | Losses => i: [0.0192] v: [0.0458] t: [0.0590] ivt: [0.0203] >> eta: 455.06 secs
Evaluating @ epoch:  163
							 video-wise | eta 50.46 secs | mAP => ivt: [0.13827] 
Traning | lr: [[0.021272570322901904], [0.00232864462948006], [0.000348093114492442]] | epoch 164 | completed | Losses => i: [0.0357] v: [0.0440] t: [0.0623] ivt: [0.0250] >> eta: 453.21 secs
Evaluating @ epoch:  164
							 video-wise | eta 50.30 secs | mAP => ivt: [0.13876] 
Traning | lr: [[0.021059844619672884], [0.0023053581831852595], [0.00034461218334751756]] | epoch 165 | completed | Losses => i: [0.0367] v: [0.0398] t: [0.0554] ivt: [0.0270] >> eta: 453.81 secs
Evaluating @ epoch:  165
							 video-wise | eta 50.41 secs | mAP => ivt: [0.13587] 
Traning | lr: [[0.020849246173476155], [0.002282304601353407], [0.0003411660615140424]] | epoch 166 | completed | Losses => i: [0.0219] v: [0.0771] t: [0.0781] ivt: [0.0279] >> eta: 454.66 secs
Evaluating @ epoch:  166
							 video-wise | eta 50.08 secs | mAP => ivt: [0.13837] 
Traning | lr: [[0.020640753711741393], [0.002259481555339873], [0.00033775440089890197]] | epoch 167 | completed | Losses => i: [0.0324] v: [0.0530] t: [0.0494] ivt: [0.0261] >> eta: 452.92 secs
Evaluating @ epoch:  167
							 video-wise | eta 50.57 secs | mAP => ivt: [0.13484] 
Traning | lr: [[0.020434346174623978], [0.0022368867397864743], [0.000334376856889913]] | epoch 168 | completed | Losses => i: [0.0231] v: [0.0678] t: [0.0591] ivt: [0.0257] >> eta: 453.43 secs
Evaluating @ epoch:  168
							 video-wise | eta 50.19 secs | mAP => ivt: [0.13166] 
Traning | lr: [[0.020230002712877736], [0.0022145178723886093], [0.00033103308832101386]] | epoch 169 | completed | Losses => i: [0.0386] v: [0.0564] t: [0.0610] ivt: [0.0272] >> eta: 455.93 secs
Evaluating @ epoch:  169
							 video-wise | eta 50.45 secs | mAP => ivt: [0.13629] 
Traning | lr: [[0.02002770268574896], [0.002192372693664723], [0.00032772275743780374]] | epoch 170 | completed | Losses => i: [0.0527] v: [0.1029] t: [0.0662] ivt: [0.0266] >> eta: 453.78 secs
Evaluating @ epoch:  170
							 video-wise | eta 50.44 secs | mAP => ivt: [0.13471] 
Traning | lr: [[0.01982742565889147], [0.002170448966728076], [0.0003244455298634257]] | epoch 171 | completed | Losses => i: [0.0199] v: [0.0538] t: [0.0661] ivt: [0.0271] >> eta: 452.39 secs
Evaluating @ epoch:  171
							 video-wise | eta 50.75 secs | mAP => ivt: [0.13250] 
Traning | lr: [[0.019629151402302553], [0.002148744477060795], [0.0003212010745647914]] | epoch 172 | completed | Losses => i: [0.0408] v: [0.0409] t: [0.0443] ivt: [0.0189] >> eta: 454.66 secs
Evaluating @ epoch:  172
							 video-wise | eta 50.11 secs | mAP => ivt: [0.13608] 
Traning | lr: [[0.019432859888279527], [0.002127257032290187], [0.0003179890638191435]] | epoch 173 | completed | Losses => i: [0.0474] v: [0.0507] t: [0.0680] ivt: [0.0255] >> eta: 453.98 secs
Evaluating @ epoch:  173
							 video-wise | eta 50.25 secs | mAP => ivt: [0.13592] 
Traning | lr: [[0.019238531289396732], [0.002105984461967285], [0.0003148091731809521]] | epoch 174 | completed | Losses => i: [0.0701] v: [0.0579] t: [0.0671] ivt: [0.0246] >> eta: 449.79 secs
Evaluating @ epoch:  174
>>> Saving checkpoint for epoch 175 at ./__checkpoint__/run_2/rendezvous_l8_cholectcholect45-crossval_k1_batchnorm_lowres.pth, time Sat Sep 23 12:40:47 2023 
							 video-wise | eta 50.78 secs | mAP => ivt: [0.13976] 
Traning | lr: [[0.019046145976502765], [0.0020849246173476124], [0.0003116610814491426]] | epoch 175 | completed | Losses => i: [0.0574] v: [0.0790] t: [0.0925] ivt: [0.0325] >> eta: 453.78 secs
Evaluating @ epoch:  175
							 video-wise | eta 50.44 secs | mAP => ivt: [0.13381] 
Traning | lr: [[0.018855684516737737], [0.0020640753711741364], [0.00030854447063465116]] | epoch 176 | completed | Losses => i: [0.0229] v: [0.0533] t: [0.0636] ivt: [0.0308] >> eta: 454.57 secs
Evaluating @ epoch:  176
>>> Saving checkpoint for epoch 177 at ./__checkpoint__/run_2/rendezvous_l8_cholectcholect45-crossval_k1_batchnorm_lowres.pth, time Sat Sep 23 12:57:37 2023 
							 video-wise | eta 50.56 secs | mAP => ivt: [0.14019] 
Traning | lr: [[0.01866712767157036], [0.0020434346174623952], [0.00030545902592830465]] | epoch 177 | completed | Losses => i: [0.0513] v: [0.0413] t: [0.0589] ivt: [0.0265] >> eta: 455.20 secs
Evaluating @ epoch:  177
>>> Saving checkpoint for epoch 178 at ./__checkpoint__/run_2/rendezvous_l8_cholectcholect45-crossval_k1_batchnorm_lowres.pth, time Sat Sep 23 13:06:03 2023 
							 video-wise | eta 50.81 secs | mAP => ivt: [0.14278] 
Traning | lr: [[0.018480456394854655], [0.0020230002712877714], [0.00030240443566902157]] | epoch 178 | completed | Losses => i: [0.0241] v: [0.0683] t: [0.0582] ivt: [0.0236] >> eta: 453.03 secs
Evaluating @ epoch:  178
							 video-wise | eta 50.39 secs | mAP => ivt: [0.13935] 
Traning | lr: [[0.018295651830906107], [0.0020027702685748937], [0.00029938039131233136]] | epoch 179 | completed | Losses => i: [0.0112] v: [0.0536] t: [0.0624] ivt: [0.0261] >> eta: 454.11 secs
Evaluating @ epoch:  179
							 video-wise | eta 50.48 secs | mAP => ivt: [0.13478] 
All done!
Shutting done...
It is what it is ...
C'est finis! ------------------------------------------------------------------------------------------------------------------------------------------------------------------------------------------------------------------------------------------------------------------------
